生成启动时间为 2016/10/1 16:34:53。
     1>项目“C:\Users\YAN\Documents\Visual Studio 2013\Projects\Knap\Knap\Knap.vcxproj”在节点 2 上(Rebuild 个目标)。
     1>ClCompile:
         C:\Program Files (x86)\Microsoft Visual Studio 12.0\VC\bin\CL.exe /c /ZI /nologo /W3 /WX- /sdl /Od /Oy- /D WIN32 /D _DEBUG /D _CONSOLE /D _LIB /D _UNICODE /D UNICODE /Gm /EHsc /RTC1 /MDd /GS /fp:precise /Zc:wchar_t /Zc:forScope /Yc"stdafx.h" /Fp"Debug\Knap.pch" /Fo"Debug\\" /Fd"Debug\vc120.pdb" /Gd /TP /analyze- /errorReport:prompt stdafx.cpp
         stdafx.cpp
         C:\Program Files (x86)\Microsoft Visual Studio 12.0\VC\bin\CL.exe /c /ZI /nologo /W3 /WX- /sdl /Od /Oy- /D WIN32 /D _DEBUG /D _CONSOLE /D _LIB /D _UNICODE /D UNICODE /Gm /EHsc /RTC1 /MDd /GS /fp:precise /Zc:wchar_t /Zc:forScope /Yu"stdafx.h" /Fp"Debug\Knap.pch" /Fo"Debug\\" /Fd"Debug\vc120.pdb" /Gd /TP /analyze- /errorReport:prompt Knap.cpp
         Knap.cpp
     1>c:\users\yan\documents\visual studio 2013\projects\knap\knap\knap.cpp(186): warning C4244: “=”: 从“double”转换到“float”，可能丢失数据
                 c:\users\yan\documents\visual studio 2013\projects\knap\knap\knap.cpp(85): 参见对正在编译的函数 模板 实例化“Typep Knapsack<int,int>(Typep [],Typew [],Typew,int,int [])”的引用
                 with
                 [
                     Typep=int
         ,            Typew=int
                 ]
       Link:
         C:\Program Files (x86)\Microsoft Visual Studio 12.0\VC\bin\link.exe /ERRORREPORT:PROMPT /OUT:"C:\Users\YAN\Documents\Visual Studio 2013\Projects\Knap\Debug\Knap.exe" /INCREMENTAL /NOLOGO kernel32.lib user32.lib gdi32.lib winspool.lib comdlg32.lib advapi32.lib shell32.lib ole32.lib oleaut32.lib uuid.lib odbc32.lib odbccp32.lib /MANIFEST /MANIFESTUAC:"level='asInvoker' uiAccess='false'" /manifest:embed /DEBUG /PDB:"C:\Users\YAN\Documents\Visual Studio 2013\Projects\Knap\Debug\Knap.pdb" /SUBSYSTEM:CONSOLE /TLBID:1 /DYNAMICBASE /NXCOMPAT /IMPLIB:"C:\Users\YAN\Documents\Visual Studio 2013\Projects\Knap\Debug\Knap.lib" /MACHINE:X86 Debug\Knap.obj
         Debug\stdafx.obj
         Knap.vcxproj -> C:\Users\YAN\Documents\Visual Studio 2013\Projects\Knap\Debug\Knap.exe
     1>已完成生成项目“C:\Users\YAN\Documents\Visual Studio 2013\Projects\Knap\Knap\Knap.vcxproj”(Rebuild 个目标)的操作。

生成成功。

已用时间 00:00:01.30
